<?xml version="1.0" encoding="UTF-8"?>
<!-- Generated by org.testng.reporters.JUnitReportReporter -->
<testsuite hostname="DESKTOP-6810DLV" failures="0" tests="1" name="JavaBasic.Activity4.Login" time="6.963" errors="0" timestamp="2020-06-29T21:01:06 ICT" skipped="0">
  <testcase classname="JavaBasic.Activity4.Login" name="login" time="6.963"/>
  <system-out/>
</testsuite> <!-- JavaBasic.Activity4.Login -->
