<?xml version="1.0" encoding="UTF-8"?>
<!-- Generated by org.testng.reporters.JUnitReportReporter -->
<testsuite skipped="0" hostname="HTTDUNG1" name="cmc.test.TestLogin" tests="2" failures="0" timestamp="29 Jun 2020 11:06:09 GMT" time="9.486" errors="0">
  <testcase name="testLoginPage_TuyenDung" time="7.794" classname="cmc.test.TestLogin"/>
  <testcase name="testLogoutPage_TuyenDung" time="1.692" classname="cmc.test.TestLogin"/>
</testsuite> <!-- cmc.test.TestLogin -->
