<?xml version="1.0" encoding="UTF-8"?>
<!-- Generated by org.testng.reporters.JUnitReportReporter -->
<testsuite skipped="0" hostname="HTTDUNG1" name="test.TestVeCmcPage" tests="1" failures="0" timestamp="03 Jul 2020 02:20:54 GMT" time="1.093" errors="0">
  <testcase name="testGoto_MoiTruongLv" time="1.093" classname="test.TestVeCmcPage"/>
</testsuite> <!-- test.TestVeCmcPage -->
