<?xml version="1.0" encoding="UTF-8"?>
<!-- Generated by org.testng.reporters.JUnitReportReporter -->
<testsuite skipped="0" hostname="HTTDUNG1" name="cmc.test.HomePage" tests="1" failures="0" timestamp="30 Jun 2020 02:47:23 GMT" time="1.061" errors="0">
  <testcase name="testGoto_MoiTruongLv" time="1.061" classname="cmc.test.HomePage"/>
</testsuite> <!-- cmc.test.HomePage -->
