<?xml version="1.0" encoding="UTF-8"?>
<!-- Generated by org.testng.reporters.JUnitReportReporter -->
<testsuite skipped="0" hostname="HTTDUNG1" name="test.TestHomePage" tests="1" failures="0" timestamp="03 Jul 2020 03:51:06 GMT" time="0.190" errors="0">
  <testcase name="testDisplayMenus" time="0.190" classname="test.TestHomePage"/>
</testsuite> <!-- test.TestHomePage -->
