<?xml version="1.0" encoding="UTF-8"?>
<!-- Generated by org.testng.reporters.JUnitReportReporter -->
<testsuite hostname="THTUNG" failures="0" tests="2" name="com.java.lession4.HomePage" time="9.355" errors="0" timestamp="2020-06-29T10:17:54 ICT" skipped="0">
  <testcase classname="com.java.lession4.HomePage" name="testLogout" time="1.410"/>
  <system-out/>
  <testcase classname="com.java.lession4.HomePage" name="testLogin" time="7.945"/>
  <system-out/>
</testsuite> <!-- com.java.lession4.HomePage -->
