<?xml version="1.0" encoding="UTF-8"?>
<!-- Generated by org.testng.reporters.JUnitReportReporter -->
<testsuite hostname="LGTHANG" failures="0" tests="1" name="recruitment.cmc.com.vn.test.TestSelectionAddress" time="0.307" errors="0" timestamp="2020-07-17T09:37:59 ICT" skipped="0">
  <testcase classname="recruitment.cmc.com.vn.test.TestSelectionAddress" name="clickAll" time="0.307"/>
  <system-out/>
</testsuite> <!-- recruitment.cmc.com.vn.test.TestSelectionAddress -->
