<?xml version="1.0" encoding="UTF-8"?>
<!-- Generated by org.testng.reporters.JUnitReportReporter -->
<testsuite hostname="DTHLY-DU5" failures="0" tests="1" name="recruitment.cmc.com.vn.test.TestHomePage" time="0.104" errors="0" timestamp="2020-07-19T18:04:26 ICT" skipped="0">
  <testcase classname="recruitment.cmc.com.vn.test.TestHomePage" name="testJob" time="0.104"/>
  <system-out/>
</testsuite> <!-- recruitment.cmc.com.vn.test.TestHomePage -->
