<?xml version="1.0" encoding="UTF-8"?>
<!-- Generated by org.testng.reporters.JUnitReportReporter -->
<testsuite hostname="THTUNG" failures="0" tests="1" name="alert.popup.quickstart.TestAlertAccept" time="1.982" errors="0" timestamp="2020-06-25T11:21:30 ICT" skipped="0">
  <testcase classname="alert.popup.quickstart.TestAlertAccept" name="VerifyAlerAccept" time="1.982"/>
  <system-out/>
</testsuite> <!-- alert.popup.quickstart.TestAlertAccept -->
