<?xml version="1.0" encoding="UTF-8"?>
<!-- Generated by org.testng.reporters.JUnitReportReporter -->
<testsuite hostname="THTUNG" failures="0" tests="2" name="alert.popup.quickstart.TestAlert" time="0.844" errors="0" timestamp="2020-06-25T14:12:26 ICT" skipped="0">
  <testcase classname="alert.popup.quickstart.TestAlert" name="VerifyAlertText" time="0.694"/>
  <system-out/>
  <testcase classname="alert.popup.quickstart.TestAlert" name="VerifyAlerDismiss" time="0.150"/>
  <system-out/>
</testsuite> <!-- alert.popup.quickstart.TestAlert -->
