<?xml version="1.0" encoding="UTF-8"?>
<!-- Generated by org.testng.reporters.JUnitReportReporter -->
<testsuite hostname="THTUNG" failures="0" tests="2" name="alert.popup.quickstart.TestWindowHandle" time="9.906" errors="0" timestamp="2020-06-25T10:44:34 ICT" skipped="0">
  <testcase classname="alert.popup.quickstart.TestWindowHandle" name="VerifyNewWindow" time="9.434"/>
  <system-out/>
  <testcase classname="alert.popup.quickstart.TestWindowHandle" name="VerifyMainWindow" time="0.472"/>
  <system-out/>
</testsuite> <!-- alert.popup.quickstart.TestWindowHandle -->
