<?xml version="1.0" encoding="UTF-8"?>
<!-- Generated by org.testng.reporters.JUnitReportReporter -->
<testsuite hostname="THTUNG" failures="0" tests="1" name="alert.popup.quickstart.check" time="2.491" errors="0" timestamp="2020-06-25T10:43:06 ICT" skipped="0">
  <testcase classname="alert.popup.quickstart.check" name="VerifyNewWindow" time="2.491"/>
  <system-out/>
</testsuite> <!-- alert.popup.quickstart.check -->
